<?xml version="1.0" encoding="UTF-8"?>
<testng-results ignored="0" total="1" passed="1" failed="0" skipped="0">
  <reporter-output>
  </reporter-output>
  <suite started-at="2023-06-22T07:00:07 IST" name="Default suite" finished-at="2023-06-22T07:00:07 IST" duration-ms="90">
    <groups>
    </groups>
    <test started-at="2023-06-22T07:00:07 IST" name="Default test" finished-at="2023-06-22T07:00:07 IST" duration-ms="90">
      <class name="Demo.Testng.TEST1">
        <test-method signature="Method1()[pri:0, instance:Demo.Testng.TEST1@7193666c]" started-at="2023-06-22T07:00:07 IST" name="Method1" finished-at="2023-06-22T07:00:07 IST" duration-ms="14" status="PASS">
          <reporter-output>
          </reporter-output>
        </test-method> <!-- Method1 -->
      </class> <!-- Demo.Testng.TEST1 -->
    </test> <!-- Default test -->
  </suite> <!-- Default suite -->
</testng-results>
